INFO:root:Got page http://validate.perfdrive.com/9516b71e18b042e9258d32118844ee73/captcha?ssa=482f1ae0-14e7-43c8-83f9-73070b546b09&ssb=2lp40emg5heezh434kgzpb613&ssc=https%3A%2F%2Fwww.yad2.co.il%2Frealestate%2Frent%3Fcity%3D5000%26rooms%3D2-3%26price%3D4000-6000%26EnterDate%3D15-7-2020&ssd=641713007617119&sse=ceeofbmobnbfnoe&ssf=a91a396369ad803edb08ac0a2693649649ef091c&ssg=5e8b5aeb-b89e-49aa-9855-7d76969483db&ssh=9a3d5126-c7d7-41a6-94b3-2a1aad2b2fc0&ssi=52201971-bhcz-4764-98ce-2a2546753b28&ssj=e6bf740f-54a2-4a5a-8722-2c7e3a197b9a&ssk=support@shieldsquare.com&ssl=402593852131&ssm=73759431187448595102426030764970&ssn=0a41d692162cb8b0444a1f875492362e6653e4c8c6fc-6e9a-441c-949f9a&sso=fa1b7c47-e9b82fe9360f038312845d7deca7a15e4d38416c1748cd72&ssp=11316441201593127808159311127901123&ssq=56494325795519007748557955470033353725602&ssr=MzEuMjEwLjE3Ny4xNzc=&sss=Mozilla/4.0%20(Windows%20NT%205.1)%20AppleWebKit/535.7%20(KHTML,like%20zeco)%20Chrome/33.0.1750.154%20Safari/536.7&sst=Mozilla/5.0%20(Windows%20NT%2010.0;%20Win64;%20x64)%20AppleWebKit/537.36%20(KHTML,%20like%20Gecko)%20Chrome/83.0.4103.61%20Safari/537.36&ssu=Mozilla/4.0%20(Windows%20NT%205.1)%20AppleWebKit/535.7%20(KHTML,like%20zeco)%20Chrome/33.0.1750.154%20Safari/536.7&ssv=unqmupq4m@ml9m1&ssw=&ssx=745523559704880&ssy=gnapchhcdakcg@joodahmfphkgeojnocbo@f@@pl&ssz=75afdc4d1566b91
INFO:root:Breaking because of http://validate.perfdrive.com/9516b71e18b042e9258d32118844ee73/captcha?ssa=482f1ae0-14e7-43c8-83f9-73070b546b09&ssb=2lp40emg5heezh434kgzpb613&ssc=https%3A%2F%2Fwww.yad2.co.il%2Frealestate%2Frent%3Fcity%3D5000%26rooms%3D2-3%26price%3D4000-6000%26EnterDate%3D15-7-2020&ssd=641713007617119&sse=ceeofbmobnbfnoe&ssf=a91a396369ad803edb08ac0a2693649649ef091c&ssg=5e8b5aeb-b89e-49aa-9855-7d76969483db&ssh=9a3d5126-c7d7-41a6-94b3-2a1aad2b2fc0&ssi=52201971-bhcz-4764-98ce-2a2546753b28&ssj=e6bf740f-54a2-4a5a-8722-2c7e3a197b9a&ssk=support@shieldsquare.com&ssl=402593852131&ssm=73759431187448595102426030764970&ssn=0a41d692162cb8b0444a1f875492362e6653e4c8c6fc-6e9a-441c-949f9a&sso=fa1b7c47-e9b82fe9360f038312845d7deca7a15e4d38416c1748cd72&ssp=11316441201593127808159311127901123&ssq=56494325795519007748557955470033353725602&ssr=MzEuMjEwLjE3Ny4xNzc=&sss=Mozilla/4.0%20(Windows%20NT%205.1)%20AppleWebKit/535.7%20(KHTML,like%20zeco)%20Chrome/33.0.1750.154%20Safari/536.7&sst=Mozilla/5.0%20(Windows%20NT%2010.0;%20Win64;%20x64)%20AppleWebKit/537.36%20(KHTML,%20like%20Gecko)%20Chrome/83.0.4103.61%20Safari/537.36&ssu=Mozilla/4.0%20(Windows%20NT%205.1)%20AppleWebKit/535.7%20(KHTML,like%20zeco)%20Chrome/33.0.1750.154%20Safari/536.7&ssv=unqmupq4m@ml9m1&ssw=&ssx=745523559704880&ssy=gnapchhcdakcg@joodahmfphkgeojnocbo@f@@pl&ssz=75afdc4d1566b91
INFO:root:Fri Jun 26 10:52:55 2020
INFO:root:Got page http://validate.perfdrive.com/9516b71e18b042e9258d32118844ee73/captcha?ssa=a3fe77f3-c453-4787-8008-20b1a3d180da&ssb=hzi0c6056bp26kpf305kkldkd&ssc=https%3A%2F%2Fwww.yad2.co.il%2Frealestate%2Frent%3Fcity%3D5000%26rooms%3D2-3%26price%3D4000-6000%26EnterDate%3D15-7-2020&ssd=558979629511380&sse=@lmbjjnepjbcfhd&ssf=8808bbcbbe2eaf85a8a71534020396c4d3eb2771&ssg=0b7aa52c-314c-4e7f-9606-38cdea33ef0e&ssh=46107d8a-5b98-4482-b060-75eb3c0154c9&ssi=b7f0f4b6-bhcz-4ad8-8780-4a5e26dc3df8&ssj=937e0f70-b19f-46da-a25e-433259d9c7a7&ssk=support@shieldsquare.com&ssl=475046432489&ssm=14755862764119541109017989892456&ssn=99509e4914fd8ae2b51e4b8613ecc27d4b5969859f5e-e06b-4b1b-9d7674&sso=72e87775-e2cf12b34125755de5c44226087f721ef520134937d12c71&ssp=82550538211593154992159317769738225&ssq=25586465887691679177058876804503097720961&ssr=MzEuMjEwLjE3Ny4xNzc=&sss=Chrome/5.0%20(iPhone;%20U;%20CPU%20iPhone%20OS%203_0%20like%20Mac%20OS%20X;%20en-us)%20AppleWebKit/528.18%20(KHTML,%20like%20Gecko)%20Version/4.0%20Mobile/7A341%20Safari/528.16&sst=Mozilla/5.0%20(Windows%20NT%2010.0;%20Win64;%20x64)%20AppleWebKit/537.36%20(KHTML,%20like%20Gecko)%20Chrome/83.0.4103.61%20Safari/537.36&ssu=Mozilla/5.0%20(compatible;%20Googlebot/2.1;%20+http://www.google.com/bot.html)&ssv=st91v4rtus@2p3s&ssw=&ssx=358683846581780&ssy=mkp@faejba@fmbif@hdcffkhnmiffckmhodgaf@@&ssz=80eddf30246b55a
INFO:root:Breaking because of http://validate.perfdrive.com/9516b71e18b042e9258d32118844ee73/captcha?ssa=a3fe77f3-c453-4787-8008-20b1a3d180da&ssb=hzi0c6056bp26kpf305kkldkd&ssc=https%3A%2F%2Fwww.yad2.co.il%2Frealestate%2Frent%3Fcity%3D5000%26rooms%3D2-3%26price%3D4000-6000%26EnterDate%3D15-7-2020&ssd=558979629511380&sse=@lmbjjnepjbcfhd&ssf=8808bbcbbe2eaf85a8a71534020396c4d3eb2771&ssg=0b7aa52c-314c-4e7f-9606-38cdea33ef0e&ssh=46107d8a-5b98-4482-b060-75eb3c0154c9&ssi=b7f0f4b6-bhcz-4ad8-8780-4a5e26dc3df8&ssj=937e0f70-b19f-46da-a25e-433259d9c7a7&ssk=support@shieldsquare.com&ssl=475046432489&ssm=14755862764119541109017989892456&ssn=99509e4914fd8ae2b51e4b8613ecc27d4b5969859f5e-e06b-4b1b-9d7674&sso=72e87775-e2cf12b34125755de5c44226087f721ef520134937d12c71&ssp=82550538211593154992159317769738225&ssq=25586465887691679177058876804503097720961&ssr=MzEuMjEwLjE3Ny4xNzc=&sss=Chrome/5.0%20(iPhone;%20U;%20CPU%20iPhone%20OS%203_0%20like%20Mac%20OS%20X;%20en-us)%20AppleWebKit/528.18%20(KHTML,%20like%20Gecko)%20Version/4.0%20Mobile/7A341%20Safari/528.16&sst=Mozilla/5.0%20(Windows%20NT%2010.0;%20Win64;%20x64)%20AppleWebKit/537.36%20(KHTML,%20like%20Gecko)%20Chrome/83.0.4103.61%20Safari/537.36&ssu=Mozilla/5.0%20(compatible;%20Googlebot/2.1;%20+http://www.google.com/bot.html)&ssv=st91v4rtus@2p3s&ssw=&ssx=358683846581780&ssy=mkp@faejba@fmbif@hdcffkhnmiffckmhodgaf@@&ssz=80eddf30246b55a
INFO:root:Fri Jun 26 11:08:16 2020
INFO:root:Got page https://www.yad2.co.il/realestate/rent?city=5000&rooms=2-3&price=4000-6000&EnterDate=15-7-2020
INFO:root:parsing error 'NoneType' object has no attribute 'get'
INFO:root:parsing error 'NoneType' object has no attribute 'get'
INFO:root:parsing error 'NoneType' object has no attribute 'get'
INFO:root:parsing error 'NoneType' object has no attribute 'get'
INFO:root:parsing error 'NoneType' object has no attribute 'get'
INFO:root:parsing error 'NoneType' object has no attribute 'get'
INFO:root:parsing error 'NoneType' object has no attribute 'get'
INFO:root:parsing error 'NoneType' object has no attribute 'get'
INFO:root:parsing error 'NoneType' object has no attribute 'get'
INFO:root:Got page https://www.yad2.co.il/realestate/rent?city=5000&rooms=2-3&price=4000-6000&EnterDate=15-7-2020&page=2
INFO:root:parsing error 'NoneType' object has no attribute 'get'
INFO:root:parsing error 'NoneType' object has no attribute 'get'
INFO:root:parsing error 'NoneType' object has no attribute 'get'
INFO:root:parsing error 'NoneType' object has no attribute 'get'
INFO:root:parsing error 'NoneType' object has no attribute 'get'
INFO:root:parsing error 'NoneType' object has no attribute 'get'
INFO:root:parsing error 'NoneType' object has no attribute 'get'
INFO:root:parsing error 'NoneType' object has no attribute 'get'
INFO:root:parsing error 'NoneType' object has no attribute 'get'
INFO:root:Got page https://www.yad2.co.il/realestate/rent?city=5000&rooms=2-3&price=4000-6000&EnterDate=15-7-2020&page=3
INFO:root:parsing error 'NoneType' object has no attribute 'get'
INFO:root:parsing error 'NoneType' object has no attribute 'get'
INFO:root:parsing error 'NoneType' object has no attribute 'get'
INFO:root:parsing error 'NoneType' object has no attribute 'get'
INFO:root:parsing error 'NoneType' object has no attribute 'get'
INFO:root:parsing error 'NoneType' object has no attribute 'get'
INFO:root:parsing error 'NoneType' object has no attribute 'get'
INFO:root:parsing error 'NoneType' object has no attribute 'get'
INFO:root:parsing error 'NoneType' object has no attribute 'get'
INFO:root:Got page https://www.yad2.co.il/realestate/rent?city=5000&rooms=2-3&price=4000-6000&EnterDate=15-7-2020&page=4
INFO:root:parsing error 'NoneType' object has no attribute 'get'
INFO:root:parsing error 'NoneType' object has no attribute 'get'
INFO:root:parsing error 'NoneType' object has no attribute 'get'
INFO:root:parsing error 'NoneType' object has no attribute 'get'
INFO:root:parsing error 'NoneType' object has no attribute 'get'
INFO:root:parsing error 'NoneType' object has no attribute 'get'
INFO:root:parsing error 'NoneType' object has no attribute 'get'
INFO:root:parsing error 'NoneType' object has no attribute 'get'
INFO:root:parsing error 'NoneType' object has no attribute 'get'
INFO:root:Got page https://www.yad2.co.il/realestate/rent?city=5000&rooms=2-3&price=4000-6000&EnterDate=15-7-2020&page=5
INFO:root:Fri Jun 26 11:25:58 2020
INFO:root:Got page https://www.yad2.co.il/realestate/rent?city=5000&rooms=2-3&price=4000-6000&EnterDate=15-7-2020
INFO:root:parsing error 'NoneType' object has no attribute 'get'
INFO:root:parsing error 'NoneType' object has no attribute 'get'
INFO:root:parsing error 'NoneType' object has no attribute 'get'
INFO:root:parsing error 'NoneType' object has no attribute 'get'
INFO:root:parsing error 'NoneType' object has no attribute 'get'
INFO:root:parsing error 'NoneType' object has no attribute 'get'
INFO:root:parsing error 'NoneType' object has no attribute 'get'
INFO:root:parsing error 'NoneType' object has no attribute 'get'
INFO:root:parsing error 'NoneType' object has no attribute 'get'
INFO:root:Got page https://www.yad2.co.il/realestate/rent?city=5000&rooms=2-3&price=4000-6000&EnterDate=15-7-2020&page=2
INFO:root:parsing error 'NoneType' object has no attribute 'get'
INFO:root:parsing error 'NoneType' object has no attribute 'get'
INFO:root:parsing error 'NoneType' object has no attribute 'get'
INFO:root:parsing error 'NoneType' object has no attribute 'get'
INFO:root:parsing error 'NoneType' object has no attribute 'get'
INFO:root:parsing error 'NoneType' object has no attribute 'get'
INFO:root:parsing error 'NoneType' object has no attribute 'get'
INFO:root:parsing error 'NoneType' object has no attribute 'get'
INFO:root:parsing error 'NoneType' object has no attribute 'get'
INFO:root:Got page https://www.yad2.co.il/realestate/rent?city=5000&rooms=2-3&price=4000-6000&EnterDate=15-7-2020&page=3
INFO:root:parsing error 'NoneType' object has no attribute 'get'
INFO:root:parsing error 'NoneType' object has no attribute 'get'
INFO:root:parsing error 'NoneType' object has no attribute 'get'
INFO:root:parsing error 'NoneType' object has no attribute 'get'
INFO:root:parsing error 'NoneType' object has no attribute 'get'
INFO:root:parsing error 'NoneType' object has no attribute 'get'
INFO:root:parsing error 'NoneType' object has no attribute 'get'
INFO:root:parsing error 'NoneType' object has no attribute 'get'
INFO:root:parsing error 'NoneType' object has no attribute 'get'
INFO:root:Got page https://www.yad2.co.il/realestate/rent?city=5000&rooms=2-3&price=4000-6000&EnterDate=15-7-2020&page=4
INFO:root:parsing error 'NoneType' object has no attribute 'get'
INFO:root:parsing error 'NoneType' object has no attribute 'get'
INFO:root:parsing error 'NoneType' object has no attribute 'get'
INFO:root:parsing error 'NoneType' object has no attribute 'get'
INFO:root:parsing error 'NoneType' object has no attribute 'get'
INFO:root:parsing error 'NoneType' object has no attribute 'get'
INFO:root:parsing error 'NoneType' object has no attribute 'get'
INFO:root:parsing error 'NoneType' object has no attribute 'get'
INFO:root:parsing error 'NoneType' object has no attribute 'get'
INFO:root:Got page https://www.yad2.co.il/realestate/rent?city=5000&rooms=2-3&price=4000-6000&EnterDate=15-7-2020&page=5
INFO:root:Fri Jun 26 11:44:02 2020
INFO:root:Got page https://www.yad2.co.il/realestate/rent?city=5000&rooms=2-3&price=4000-6000&EnterDate=15-7-2020
INFO:root:parsing error 'NoneType' object has no attribute 'get'
INFO:root:parsing error 'NoneType' object has no attribute 'get'
INFO:root:parsing error 'NoneType' object has no attribute 'get'
INFO:root:parsing error 'NoneType' object has no attribute 'get'
INFO:root:parsing error 'NoneType' object has no attribute 'get'
INFO:root:parsing error 'NoneType' object has no attribute 'get'
INFO:root:parsing error 'NoneType' object has no attribute 'get'
INFO:root:parsing error 'NoneType' object has no attribute 'get'
INFO:root:parsing error 'NoneType' object has no attribute 'get'
